Quick-Cocos2dx-Community C++ support ready.

------------------------------------------------

LOAD LUA FILE: D:/WorkSpace/QuickWorkSpace/cvc/src/main.lua

------------------------------------------------

[LUA-print] ===========================================================

[LUA-print]               LOAD QUICK FRAMEWORK

[LUA-print] ===========================================================

[LUA-print] [INFO] 

[LUA-print] [INFO] # DEBUG                        = 1

[LUA-print] [INFO] #

[LUA-print] [INFO] # device.platform              = windows

[LUA-print] [INFO] # device.model                 = unknown

[LUA-print] [INFO] # device.language              = cn

[LUA-print] [INFO] # device.writablePath          = D:\WorkSpace\QuickWorkSpace\cvc\

[LUA-print] [INFO] # device.directorySeparator    = \

[LUA-print] [INFO] # device.pathSeparator         = ;

[LUA-print] [INFO] #

[LUA-print] [INFO] # CONFIG_SCREEN_AUTOSCALE      = FIXED_HEIGHT

[LUA-print] [INFO] # CONFIG_SCREEN_WIDTH          = 960.00

[LUA-print] [INFO] # CONFIG_SCREEN_HEIGHT         = 640.00

[LUA-print] [INFO] # display.widthInPixels        = 960.00

[LUA-print] [INFO] # display.heightInPixels       = 640.00

[LUA-print] [INFO] # display.contentScaleFactor   = 1.00

[LUA-print] [INFO] # display.width                = 960.00

[LUA-print] [INFO] # display.height               = 640.00

[LUA-print] [INFO] # display.cx                   = 480.00

[LUA-print] [INFO] # display.cy                   = 320.00

[LUA-print] [INFO] # display.left                 = 0.00

[LUA-print] [INFO] # display.right                = 960.00

[LUA-print] [INFO] # display.top                  = 640.00

[LUA-print] [INFO] # display.bottom               = 0.00

[LUA-print] [INFO] # display.c_left               = -480.00

[LUA-print] [INFO] # display.c_right              = 480.00

[LUA-print] [INFO] # display.c_top                = 320.00

[LUA-print] [INFO] # display.c_bottom             = -320.00

[LUA-print] [INFO] #

[LUA-print] onEnter

[LUA-print] 1464714305

[LUA-print] farm

[LUA-print] bank

[LUA-print] brewery

[LUA-print] factory

[LUA-print] government

[LUA-print] handicraft

[LUA-print] temple

[LUA-print] university

[LUA-print] workshop

[LUA-print] total output pdtRate0 0.04 food 150

[LUA-print] 1464714308

[LUA-print] farm

[LUA-print] bank

[LUA-print] brewery

[LUA-print] factory

[LUA-print] government

[LUA-print] handicraft

[LUA-print] temple

[LUA-print] university

[LUA-print] workshop

[LUA-print] total output pdtRate0 0.04 food 150

[LUA-print] 1464714311

[LUA-print] farm

[LUA-print] bank

[LUA-print] brewery

[LUA-print] factory

[LUA-print] government

[LUA-print] handicraft

[LUA-print] temple

[LUA-print] university

[LUA-print] workshop

[LUA-print] total output pdtRate0 0.04 food 150

[LUA-print] 1464714314

[LUA-print] farm

[LUA-print] bank

[LUA-print] brewery

[LUA-print] factory

[LUA-print] government

[LUA-print] handicraft

[LUA-print] temple

[LUA-print] university

[LUA-print] workshop

[LUA-print] total output pdtRate0 0.04 food 150

[LUA-print] 1464714317

[LUA-print] farm

[LUA-print] bank

[LUA-print] brewery

[LUA-print] factory

[LUA-print] government

[LUA-print] handicraft

[LUA-print] temple

[LUA-print] university

[LUA-print] workshop

[LUA-print] total output pdtRate0 0.04 food 150

[LUA-print] 1464714320

[LUA-print] farm

[LUA-print] bank

[LUA-print] brewery

[LUA-print] factory

[LUA-print] government

[LUA-print] handicraft

[LUA-print] temple

[LUA-print] university

[LUA-print] workshop

[LUA-print] total output pdtRate0 0.04 food 150

[LUA-print] 1464714323

[LUA-print] farm

[LUA-print] bank

[LUA-print] brewery

[LUA-print] factory

[LUA-print] government

[LUA-print] handicraft

[LUA-print] temple

[LUA-print] university

[LUA-print] workshop

[LUA-print] total output pdtRate0 0.04 food 150

[LUA-print] 1464714326

[LUA-print] farm

[LUA-print] bank

[LUA-print] brewery

[LUA-print] factory

[LUA-print] government

[LUA-print] handicraft

[LUA-print] temple

[LUA-print] university

[LUA-print] workshop

[LUA-print] total output pdtRate0 0.04 food 150

